Fetching gem metadata from https://rubygems.org/..........
Fetching additional metadata from https://rubygems.org/..
Installing rake 10.4.2
Installing addressable 2.3.6
Installing backports 3.6.5
Installing blankslate 2.1.2.4
Installing hitimes 1.2.2
Installing timers 4.0.1
Installing celluloid 0.16.0
Installing fast-stemmer 1.0.2
Installing classifier-reborn 2.0.3
Installing coderay 1.1.0
Installing coffee-script-source 1.9.0
Installing execjs 2.3.0
Installing coffee-script 2.3.0
Installing colorator 0.1
Installing colored 1.2
Installing safe_yaml 1.0.4
Installing crack 0.4.3
Installing ffi 1.9.3
Installing ethon 0.7.4
Installing multipart-post 2.0.0
Installing faraday 0.9.1
Installing faraday_middleware 0.10.0
Installing multi_json 1.11.2
Installing net-http-persistent 2.9.4
Installing net-http-pipeline 1.0.1
Installing gh 0.14.0
Installing hashie 3.4.2
Installing highline 1.7.2
Installing mercenary 0.3.5
Installing mini_portile 0.6.0
Installing nokogiri 1.6.6.2
Installing parallel 1.6.1
Installing typhoeus 0.7.2
Installing yell 2.0.5
Installing html-proofer 2.3.0
Installing jekyll-coffeescript 1.0.1
Installing jekyll-gist 1.2.1
Installing jekyll-paginate 1.1.0
Installing sass 3.2.19
Installing jekyll-sass-converter 1.3.0
Installing rb-fsevent 0.9.5
Installing rb-inotify 0.9.5
Installing listen 2.10.1
Installing jekyll-watch 1.2.1
Installing kramdown 1.8.0
Installing liquid 2.6.3
Installing posix-spawn 0.3.11
Installing yajl-ruby 1.2.1
Installing pygments.rb 0.6.3
Installing redcarpet 3.3.2
Installing parslet 1.5.0
Installing toml 0.1.2
Installing jekyll 2.5.3
Installing json 1.8.3
Installing launchy 2.4.3
Installing method_source 0.8.2
Installing mime-types 1.25.1
Installing origami 1.2.7
Installing slop 3.6.0
Installing pry 0.9.12.6
Installing websocket 1.2.2
Installing pusher-client 0.6.2
Installing travis 1.8.0
Installing yomu 0.2.4
Using bundler 1.7.6
Your bundle is complete!
Use `bundle show [gemname]` to see where a bundled gem is installed.
